<?xml version="1.0" encoding="UTF-8"?>
<!-- Generated by org.testng.reporters.JUnitReportReporter -->
<testsuite hostname="TTNPL-ManvendraPratapsingh" failures="0" tests="1" name="SessionTestng.TestNg3" time="0.018" errors="0" timestamp="2022-10-29T19:36:49 IST" skipped="0">
  <testcase classname="SessionTestng.TestNg3" name="verifyUrl" time="0.018"/>
  <system-out/>
</testsuite> <!-- SessionTestng.TestNg3 -->
