<?xml version="1.0" encoding="UTF-8"?>
<!-- Generated by org.testng.reporters.JUnitReportReporter -->
<testsuite hostname="TTNPL-ManvendraPratapsingh" failures="0" tests="2" name="SessionTestng.OrangeRegistration" time="7.791" errors="0" timestamp="2022-10-26T17:20:22 IST" skipped="0">
  <testcase classname="SessionTestng.OrangeRegistration" name="lunch2" time="5.374"/>
  <system-out/>
  <testcase classname="SessionTestng.OrangeRegistration" name="lunch1" time="2.417"/>
  <system-out/>
</testsuite> <!-- SessionTestng.OrangeRegistration -->
