<?xml version="1.0" encoding="UTF-8"?>
<!-- Generated by org.testng.reporters.JUnitReportReporter -->
<testsuite hostname="TTNPL-ManvendraPratapsingh" failures="0" tests="2" name="SessionTestng.OrangeRegistration2" time="5.969" errors="0" timestamp="2022-10-26T17:04:47 IST" skipped="0">
  <testcase classname="SessionTestng.OrangeRegistration2" name="lunch1" time="0.724"/>
  <system-out/>
  <testcase classname="SessionTestng.OrangeRegistration2" name="lunch2" time="5.245"/>
  <system-out/>
</testsuite> <!-- SessionTestng.OrangeRegistration2 -->
