<?xml version="1.0" encoding="UTF-8"?>
<!-- Generated by org.testng.reporters.JUnitReportReporter -->
<testsuite hostname="TTNPL-ManvendraPratapsingh" failures="0" tests="1" name="SessionTestng.DemoTestng" time="8.242" errors="0" timestamp="2022-10-20T16:19:03 IST" skipped="0">
  <testcase classname="SessionTestng.DemoTestng" name="browserlaunch" time="8.242"/>
  <system-out/>
</testsuite> <!-- SessionTestng.DemoTestng -->
